26-Apr-2024 13:53:47.750 INFO [main] org.apache.catalina.core.ApplicationContext.log ContextListener: contextInitialized()
26-Apr-2024 13:53:47.751 INFO [main] org.apache.catalina.core.ApplicationContext.log SessionListener: contextInitialized()
26-Apr-2024 13:53:47.752 INFO [main] org.apache.catalina.core.ApplicationContext.log ContextListener: attributeAdded('StockTicker', 'async.Stockticker@6865c751')
26-Apr-2024 13:54:32.059 INFO [main] org.apache.catalina.core.ApplicationContext.log SessionListener: contextDestroyed()
26-Apr-2024 13:54:32.059 INFO [main] org.apache.catalina.core.ApplicationContext.log ContextListener: contextDestroyed()
26-Apr-2024 14:00:14.733 INFO [main] org.apache.catalina.core.ApplicationContext.log ContextListener: contextInitialized()
26-Apr-2024 14:00:14.733 INFO [main] org.apache.catalina.core.ApplicationContext.log SessionListener: contextInitialized()
26-Apr-2024 14:00:14.734 INFO [main] org.apache.catalina.core.ApplicationContext.log ContextListener: attributeAdded('StockTicker', 'async.Stockticker@1849db1a')
26-Apr-2024 14:56:21.574 SEVERE [http-nio-8080-exec-75] org.apache.catalina.core.StandardWrapperValve.invoke Servlet.service() for servlet [com.sunbeam.BlogListServlet] in context with path [/blog] threw exception
	java.lang.NullPointerException
		at com.sunbeam.BlogListServlet.processRequest(BlogListServlet.java:57)
		at com.sunbeam.BlogListServlet.doGet(BlogListServlet.java:20)
		at javax.servlet.http.HttpServlet.service(HttpServlet.java:529)
		at javax.servlet.http.HttpServlet.service(HttpServlet.java:623)
		at org.apache.catalina.core.ApplicationFilterChain.internalDoFilter(ApplicationFilterChain.java:200)
		at org.apache.catalina.core.ApplicationFilterChain.doFilter(ApplicationFilterChain.java:144)
		at org.apache.tomcat.websocket.server.WsFilter.doFilter(WsFilter.java:51)
		at org.apache.catalina.core.ApplicationFilterChain.internalDoFilter(ApplicationFilterChain.java:169)
		at org.apache.catalina.core.ApplicationFilterChain.doFilter(ApplicationFilterChain.java:144)
		at org.apache.catalina.core.StandardWrapperValve.invoke(StandardWrapperValve.java:168)
		at org.apache.catalina.core.StandardContextValve.invoke(StandardContextValve.java:90)
		at org.apache.catalina.authenticator.AuthenticatorBase.invoke(AuthenticatorBase.java:481)
		at org.apache.catalina.core.StandardHostValve.invoke(StandardHostValve.java:130)
		at org.apache.catalina.valves.ErrorReportValve.invoke(ErrorReportValve.java:93)
		at org.apache.catalina.valves.AbstractAccessLogValve.invoke(AbstractAccessLogValve.java:670)
		at org.apache.catalina.core.StandardEngineValve.invoke(StandardEngineValve.java:74)
		at org.apache.catalina.connector.CoyoteAdapter.service(CoyoteAdapter.java:346)
		at org.apache.coyote.http11.Http11Processor.service(Http11Processor.java:390)
		at org.apache.coyote.AbstractProcessorLight.process(AbstractProcessorLight.java:63)
		at org.apache.coyote.AbstractProtocol$ConnectionHandler.process(AbstractProtocol.java:928)
		at org.apache.tomcat.util.net.NioEndpoint$SocketProcessor.doRun(NioEndpoint.java:1786)
		at org.apache.tomcat.util.net.SocketProcessorBase.run(SocketProcessorBase.java:52)
		at org.apache.tomcat.util.threads.ThreadPoolExecutor.runWorker(ThreadPoolExecutor.java:1191)
		at org.apache.tomcat.util.threads.ThreadPoolExecutor$Worker.run(ThreadPoolExecutor.java:659)
		at org.apache.tomcat.util.threads.TaskThread$WrappingRunnable.run(TaskThread.java:63)
		at java.base/java.lang.Thread.run(Thread.java:829)
26-Apr-2024 14:56:23.213 SEVERE [http-nio-8080-exec-80] org.apache.catalina.core.StandardWrapperValve.invoke Servlet.service() for servlet [com.sunbeam.BlogListServlet] in context with path [/blog] threw exception
	java.lang.NullPointerException
		at com.sunbeam.BlogListServlet.processRequest(BlogListServlet.java:57)
		at com.sunbeam.BlogListServlet.doGet(BlogListServlet.java:20)
		at javax.servlet.http.HttpServlet.service(HttpServlet.java:529)
		at javax.servlet.http.HttpServlet.service(HttpServlet.java:623)
		at org.apache.catalina.core.ApplicationFilterChain.internalDoFilter(ApplicationFilterChain.java:200)
		at org.apache.catalina.core.ApplicationFilterChain.doFilter(ApplicationFilterChain.java:144)
		at org.apache.tomcat.websocket.server.WsFilter.doFilter(WsFilter.java:51)
		at org.apache.catalina.core.ApplicationFilterChain.internalDoFilter(ApplicationFilterChain.java:169)
		at org.apache.catalina.core.ApplicationFilterChain.doFilter(ApplicationFilterChain.java:144)
		at org.apache.catalina.core.StandardWrapperValve.invoke(StandardWrapperValve.java:168)
		at org.apache.catalina.core.StandardContextValve.invoke(StandardContextValve.java:90)
		at org.apache.catalina.authenticator.AuthenticatorBase.invoke(AuthenticatorBase.java:481)
		at org.apache.catalina.core.StandardHostValve.invoke(StandardHostValve.java:130)
		at org.apache.catalina.valves.ErrorReportValve.invoke(ErrorReportValve.java:93)
		at org.apache.catalina.valves.AbstractAccessLogValve.invoke(AbstractAccessLogValve.java:670)
		at org.apache.catalina.core.StandardEngineValve.invoke(StandardEngineValve.java:74)
		at org.apache.catalina.connector.CoyoteAdapter.service(CoyoteAdapter.java:346)
		at org.apache.coyote.http11.Http11Processor.service(Http11Processor.java:390)
		at org.apache.coyote.AbstractProcessorLight.process(AbstractProcessorLight.java:63)
		at org.apache.coyote.AbstractProtocol$ConnectionHandler.process(AbstractProtocol.java:928)
		at org.apache.tomcat.util.net.NioEndpoint$SocketProcessor.doRun(NioEndpoint.java:1786)
		at org.apache.tomcat.util.net.SocketProcessorBase.run(SocketProcessorBase.java:52)
		at org.apache.tomcat.util.threads.ThreadPoolExecutor.runWorker(ThreadPoolExecutor.java:1191)
		at org.apache.tomcat.util.threads.ThreadPoolExecutor$Worker.run(ThreadPoolExecutor.java:659)
		at org.apache.tomcat.util.threads.TaskThread$WrappingRunnable.run(TaskThread.java:63)
		at java.base/java.lang.Thread.run(Thread.java:829)
26-Apr-2024 14:56:23.371 SEVERE [http-nio-8080-exec-74] org.apache.catalina.core.StandardWrapperValve.invoke Servlet.service() for servlet [com.sunbeam.BlogListServlet] in context with path [/blog] threw exception
	java.lang.NullPointerException
		at com.sunbeam.BlogListServlet.processRequest(BlogListServlet.java:57)
		at com.sunbeam.BlogListServlet.doGet(BlogListServlet.java:20)
		at javax.servlet.http.HttpServlet.service(HttpServlet.java:529)
		at javax.servlet.http.HttpServlet.service(HttpServlet.java:623)
		at org.apache.catalina.core.ApplicationFilterChain.internalDoFilter(ApplicationFilterChain.java:200)
		at org.apache.catalina.core.ApplicationFilterChain.doFilter(ApplicationFilterChain.java:144)
		at org.apache.tomcat.websocket.server.WsFilter.doFilter(WsFilter.java:51)
		at org.apache.catalina.core.ApplicationFilterChain.internalDoFilter(ApplicationFilterChain.java:169)
		at org.apache.catalina.core.ApplicationFilterChain.doFilter(ApplicationFilterChain.java:144)
		at org.apache.catalina.core.StandardWrapperValve.invoke(StandardWrapperValve.java:168)
		at org.apache.catalina.core.StandardContextValve.invoke(StandardContextValve.java:90)
		at org.apache.catalina.authenticator.AuthenticatorBase.invoke(AuthenticatorBase.java:481)
		at org.apache.catalina.core.StandardHostValve.invoke(StandardHostValve.java:130)
		at org.apache.catalina.valves.ErrorReportValve.invoke(ErrorReportValve.java:93)
		at org.apache.catalina.valves.AbstractAccessLogValve.invoke(AbstractAccessLogValve.java:670)
		at org.apache.catalina.core.StandardEngineValve.invoke(StandardEngineValve.java:74)
		at org.apache.catalina.connector.CoyoteAdapter.service(CoyoteAdapter.java:346)
		at org.apache.coyote.http11.Http11Processor.service(Http11Processor.java:390)
		at org.apache.coyote.AbstractProcessorLight.process(AbstractProcessorLight.java:63)
		at org.apache.coyote.AbstractProtocol$ConnectionHandler.process(AbstractProtocol.java:928)
		at org.apache.tomcat.util.net.NioEndpoint$SocketProcessor.doRun(NioEndpoint.java:1786)
		at org.apache.tomcat.util.net.SocketProcessorBase.run(SocketProcessorBase.java:52)
		at org.apache.tomcat.util.threads.ThreadPoolExecutor.runWorker(ThreadPoolExecutor.java:1191)
		at org.apache.tomcat.util.threads.ThreadPoolExecutor$Worker.run(ThreadPoolExecutor.java:659)
		at org.apache.tomcat.util.threads.TaskThread$WrappingRunnable.run(TaskThread.java:63)
		at java.base/java.lang.Thread.run(Thread.java:829)
26-Apr-2024 15:29:32.161 SEVERE [http-nio-8080-exec-132] org.apache.catalina.core.StandardWrapperValve.invoke Servlet.service() for servlet [com.sunbeam.BlogListServlet] in context with path [/blog] threw exception
	java.lang.NullPointerException
		at com.sunbeam.BlogListServlet.processRequest(BlogListServlet.java:57)
		at com.sunbeam.BlogListServlet.doGet(BlogListServlet.java:20)
		at javax.servlet.http.HttpServlet.service(HttpServlet.java:529)
		at javax.servlet.http.HttpServlet.service(HttpServlet.java:623)
		at org.apache.catalina.core.ApplicationFilterChain.internalDoFilter(ApplicationFilterChain.java:200)
		at org.apache.catalina.core.ApplicationFilterChain.doFilter(ApplicationFilterChain.java:144)
		at org.apache.tomcat.websocket.server.WsFilter.doFilter(WsFilter.java:51)
		at org.apache.catalina.core.ApplicationFilterChain.internalDoFilter(ApplicationFilterChain.java:169)
		at org.apache.catalina.core.ApplicationFilterChain.doFilter(ApplicationFilterChain.java:144)
		at org.apache.catalina.core.StandardWrapperValve.invoke(StandardWrapperValve.java:168)
		at org.apache.catalina.core.StandardContextValve.invoke(StandardContextValve.java:90)
		at org.apache.catalina.authenticator.AuthenticatorBase.invoke(AuthenticatorBase.java:481)
		at org.apache.catalina.core.StandardHostValve.invoke(StandardHostValve.java:130)
		at org.apache.catalina.valves.ErrorReportValve.invoke(ErrorReportValve.java:93)
		at org.apache.catalina.valves.AbstractAccessLogValve.invoke(AbstractAccessLogValve.java:670)
		at org.apache.catalina.core.StandardEngineValve.invoke(StandardEngineValve.java:74)
		at org.apache.catalina.connector.CoyoteAdapter.service(CoyoteAdapter.java:346)
		at org.apache.coyote.http11.Http11Processor.service(Http11Processor.java:390)
		at org.apache.coyote.AbstractProcessorLight.process(AbstractProcessorLight.java:63)
		at org.apache.coyote.AbstractProtocol$ConnectionHandler.process(AbstractProtocol.java:928)
		at org.apache.tomcat.util.net.NioEndpoint$SocketProcessor.doRun(NioEndpoint.java:1786)
		at org.apache.tomcat.util.net.SocketProcessorBase.run(SocketProcessorBase.java:52)
		at org.apache.tomcat.util.threads.ThreadPoolExecutor.runWorker(ThreadPoolExecutor.java:1191)
		at org.apache.tomcat.util.threads.ThreadPoolExecutor$Worker.run(ThreadPoolExecutor.java:659)
		at org.apache.tomcat.util.threads.TaskThread$WrappingRunnable.run(TaskThread.java:63)
		at java.base/java.lang.Thread.run(Thread.java:829)
26-Apr-2024 16:03:23.765 SEVERE [http-nio-8080-exec-155] org.apache.catalina.core.StandardWrapperValve.invoke Servlet.service() for servlet [com.sunbeam.BlogListServlet] in context with path [/blog] threw exception
	java.lang.NullPointerException
		at com.sunbeam.BlogListServlet.processRequest(BlogListServlet.java:63)
		at com.sunbeam.BlogListServlet.doGet(BlogListServlet.java:19)
		at javax.servlet.http.HttpServlet.service(HttpServlet.java:529)
		at javax.servlet.http.HttpServlet.service(HttpServlet.java:623)
		at org.apache.catalina.core.ApplicationFilterChain.internalDoFilter(ApplicationFilterChain.java:200)
		at org.apache.catalina.core.ApplicationFilterChain.doFilter(ApplicationFilterChain.java:144)
		at org.apache.tomcat.websocket.server.WsFilter.doFilter(WsFilter.java:51)
		at org.apache.catalina.core.ApplicationFilterChain.internalDoFilter(ApplicationFilterChain.java:169)
		at org.apache.catalina.core.ApplicationFilterChain.doFilter(ApplicationFilterChain.java:144)
		at org.apache.catalina.core.StandardWrapperValve.invoke(StandardWrapperValve.java:168)
		at org.apache.catalina.core.StandardContextValve.invoke(StandardContextValve.java:90)
		at org.apache.catalina.authenticator.AuthenticatorBase.invoke(AuthenticatorBase.java:481)
		at org.apache.catalina.core.StandardHostValve.invoke(StandardHostValve.java:130)
		at org.apache.catalina.valves.ErrorReportValve.invoke(ErrorReportValve.java:93)
		at org.apache.catalina.valves.AbstractAccessLogValve.invoke(AbstractAccessLogValve.java:670)
		at org.apache.catalina.core.StandardEngineValve.invoke(StandardEngineValve.java:74)
		at org.apache.catalina.connector.CoyoteAdapter.service(CoyoteAdapter.java:346)
		at org.apache.coyote.http11.Http11Processor.service(Http11Processor.java:390)
		at org.apache.coyote.AbstractProcessorLight.process(AbstractProcessorLight.java:63)
		at org.apache.coyote.AbstractProtocol$ConnectionHandler.process(AbstractProtocol.java:928)
		at org.apache.tomcat.util.net.NioEndpoint$SocketProcessor.doRun(NioEndpoint.java:1786)
		at org.apache.tomcat.util.net.SocketProcessorBase.run(SocketProcessorBase.java:52)
		at org.apache.tomcat.util.threads.ThreadPoolExecutor.runWorker(ThreadPoolExecutor.java:1191)
		at org.apache.tomcat.util.threads.ThreadPoolExecutor$Worker.run(ThreadPoolExecutor.java:659)
		at org.apache.tomcat.util.threads.TaskThread$WrappingRunnable.run(TaskThread.java:63)
		at java.base/java.lang.Thread.run(Thread.java:829)
26-Apr-2024 16:12:45.437 INFO [main] org.apache.catalina.core.ApplicationContext.log SessionListener: contextDestroyed()
26-Apr-2024 16:12:45.438 INFO [main] org.apache.catalina.core.ApplicationContext.log ContextListener: contextDestroyed()
26-Apr-2024 16:13:54.014 INFO [main] org.apache.catalina.core.ApplicationContext.log ContextListener: contextInitialized()
26-Apr-2024 16:13:54.014 INFO [main] org.apache.catalina.core.ApplicationContext.log SessionListener: contextInitialized()
26-Apr-2024 16:13:54.015 INFO [main] org.apache.catalina.core.ApplicationContext.log ContextListener: attributeAdded('StockTicker', 'async.Stockticker@6865c751')
26-Apr-2024 16:48:05.052 INFO [main] org.apache.catalina.core.ApplicationContext.log SessionListener: contextDestroyed()
26-Apr-2024 16:48:05.052 INFO [main] org.apache.catalina.core.ApplicationContext.log ContextListener: contextDestroyed()
26-Apr-2024 16:51:04.337 INFO [main] org.apache.catalina.core.ApplicationContext.log ContextListener: contextInitialized()
26-Apr-2024 16:51:04.337 INFO [main] org.apache.catalina.core.ApplicationContext.log SessionListener: contextInitialized()
26-Apr-2024 16:51:04.338 INFO [main] org.apache.catalina.core.ApplicationContext.log ContextListener: attributeAdded('StockTicker', 'async.Stockticker@6865c751')
26-Apr-2024 16:51:19.704 INFO [main] org.apache.catalina.core.ApplicationContext.log SessionListener: contextDestroyed()
26-Apr-2024 16:51:19.704 INFO [main] org.apache.catalina.core.ApplicationContext.log ContextListener: contextDestroyed()
26-Apr-2024 16:52:10.477 INFO [main] org.apache.catalina.core.ApplicationContext.log ContextListener: contextInitialized()
26-Apr-2024 16:52:10.477 INFO [main] org.apache.catalina.core.ApplicationContext.log SessionListener: contextInitialized()
26-Apr-2024 16:52:10.478 INFO [main] org.apache.catalina.core.ApplicationContext.log ContextListener: attributeAdded('StockTicker', 'async.Stockticker@6d1d4d7')
26-Apr-2024 18:56:11.520 INFO [main] org.apache.catalina.core.ApplicationContext.log SessionListener: contextDestroyed()
26-Apr-2024 18:56:11.520 INFO [main] org.apache.catalina.core.ApplicationContext.log ContextListener: contextDestroyed()
26-Apr-2024 21:03:41.350 INFO [main] org.apache.catalina.core.ApplicationContext.log ContextListener: contextInitialized()
26-Apr-2024 21:03:41.350 INFO [main] org.apache.catalina.core.ApplicationContext.log SessionListener: contextInitialized()
26-Apr-2024 21:03:41.351 INFO [main] org.apache.catalina.core.ApplicationContext.log ContextListener: attributeAdded('StockTicker', 'async.Stockticker@1d71006f')
26-Apr-2024 21:54:36.829 INFO [main] org.apache.catalina.core.ApplicationContext.log SessionListener: contextDestroyed()
26-Apr-2024 21:54:36.829 INFO [main] org.apache.catalina.core.ApplicationContext.log ContextListener: contextDestroyed()
26-Apr-2024 22:13:08.492 INFO [main] org.apache.catalina.core.ApplicationContext.log ContextListener: contextInitialized()
26-Apr-2024 22:13:08.492 INFO [main] org.apache.catalina.core.ApplicationContext.log SessionListener: contextInitialized()
26-Apr-2024 22:13:08.493 INFO [main] org.apache.catalina.core.ApplicationContext.log ContextListener: attributeAdded('StockTicker', 'async.Stockticker@6d1d4d7')
26-Apr-2024 22:38:04.289 INFO [main] org.apache.catalina.core.ApplicationContext.log SessionListener: contextDestroyed()
26-Apr-2024 22:38:04.289 INFO [main] org.apache.catalina.core.ApplicationContext.log ContextListener: contextDestroyed()
26-Apr-2024 23:01:23.708 INFO [main] org.apache.catalina.core.ApplicationContext.log ContextListener: contextInitialized()
26-Apr-2024 23:01:23.708 INFO [main] org.apache.catalina.core.ApplicationContext.log SessionListener: contextInitialized()
26-Apr-2024 23:01:23.709 INFO [main] org.apache.catalina.core.ApplicationContext.log ContextListener: attributeAdded('StockTicker', 'async.Stockticker@5fcacc0')
26-Apr-2024 23:08:04.562 INFO [main] org.apache.catalina.core.ApplicationContext.log SessionListener: contextDestroyed()
26-Apr-2024 23:08:04.562 INFO [main] org.apache.catalina.core.ApplicationContext.log ContextListener: contextDestroyed()
